<?xml version="1.0" encoding="UTF-8"?>
<!-- Generated by org.testng.reporters.JUnitXMLReporter -->
<testsuite ignored="0" hostname="PRO" failures="0" tests="3" name="Submit order" time="32.648" errors="0" timestamp="2022-11-05T14:08:38 IST">
  <testcase classname="pramodpoojary.SeleniumFrameworkDesign.submitOrder" name="submitOrders" time="3.192"/>
  <testcase classname="pramodpoojary.SeleniumFrameworkDesign.submitOrder" name="submitOrders" time="2.921"/>
  <testcase classname="pramodpoojary.SeleniumFrameworkDesign.submitOrder" name="orderHistory" time="20.584"/>
</testsuite> <!-- Submit order -->
